C:\USERS\KEVIN\DESKTOP\ECE30834FINALPROJ\OPENGLFRAMEWORK\DEBUG\STB_IMAGE.OBJ
C:\USERS\KEVIN\DESKTOP\ECE30834FINALPROJ\OPENGLFRAMEWORK\DEBUG\MAIN.OBJ
C:\USERS\KEVIN\DESKTOP\ECE30834FINALPROJ\OPENGLFRAMEWORK\DEBUG\VC110.PDB
C:\USERS\KEVIN\DESKTOP\ECE30834FINALPROJ\DEBUG\OPENGLFRAMEWORK.ILK
C:\USERS\KEVIN\DESKTOP\ECE30834FINALPROJ\DEBUG\OPENGLFRAMEWORK.EXE
C:\USERS\KEVIN\DESKTOP\ECE30834FINALPROJ\DEBUG\OPENGLFRAMEWORK.PDB
C:\Users\Kevin\Desktop\ECE30834FinalProj\OpenGLFramework\Debug\main.obj
C:\Users\Kevin\Desktop\ECE30834FinalProj\OpenGLFramework\Debug\stb_image.obj
C:\Users\Kevin\Desktop\ECE30834FinalProj\OpenGLFramework\Debug\cl.command.1.tlog
C:\Users\Kevin\Desktop\ECE30834FinalProj\OpenGLFramework\Debug\CL.read.1.tlog
C:\Users\Kevin\Desktop\ECE30834FinalProj\OpenGLFramework\Debug\CL.write.1.tlog
C:\Users\Kevin\Desktop\ECE30834FinalProj\OpenGLFramework\Debug\link-cvtres.read.1.tlog
C:\Users\Kevin\Desktop\ECE30834FinalProj\OpenGLFramework\Debug\link-cvtres.write.1.tlog
C:\Users\Kevin\Desktop\ECE30834FinalProj\OpenGLFramework\Debug\link-rc.read.1.tlog
C:\Users\Kevin\Desktop\ECE30834FinalProj\OpenGLFramework\Debug\link-rc.write.1.tlog
C:\Users\Kevin\Desktop\ECE30834FinalProj\OpenGLFramework\Debug\link.10888-cvtres.read.1.tlog
C:\Users\Kevin\Desktop\ECE30834FinalProj\OpenGLFramework\Debug\link.10888-cvtres.write.1.tlog
C:\Users\Kevin\Desktop\ECE30834FinalProj\OpenGLFramework\Debug\link.10888-rc.read.1.tlog
C:\Users\Kevin\Desktop\ECE30834FinalProj\OpenGLFramework\Debug\link.10888-rc.write.1.tlog
C:\Users\Kevin\Desktop\ECE30834FinalProj\OpenGLFramework\Debug\link.10888.read.1.tlog
C:\Users\Kevin\Desktop\ECE30834FinalProj\OpenGLFramework\Debug\link.10888.write.1.tlog
C:\Users\Kevin\Desktop\ECE30834FinalProj\OpenGLFramework\Debug\link.12188-cvtres.read.1.tlog
C:\Users\Kevin\Desktop\ECE30834FinalProj\OpenGLFramework\Debug\link.12188-cvtres.write.1.tlog
C:\Users\Kevin\Desktop\ECE30834FinalProj\OpenGLFramework\Debug\link.12188-rc.read.1.tlog
C:\Users\Kevin\Desktop\ECE30834FinalProj\OpenGLFramework\Debug\link.12188-rc.write.1.tlog
C:\Users\Kevin\Desktop\ECE30834FinalProj\OpenGLFramework\Debug\link.12188.read.1.tlog
C:\Users\Kevin\Desktop\ECE30834FinalProj\OpenGLFramework\Debug\link.12188.write.1.tlog
C:\Users\Kevin\Desktop\ECE30834FinalProj\OpenGLFramework\Debug\link.13540-cvtres.read.1.tlog
C:\Users\Kevin\Desktop\ECE30834FinalProj\OpenGLFramework\Debug\link.13540-cvtres.write.1.tlog
C:\Users\Kevin\Desktop\ECE30834FinalProj\OpenGLFramework\Debug\link.13540-rc.read.1.tlog
C:\Users\Kevin\Desktop\ECE30834FinalProj\OpenGLFramework\Debug\link.13540-rc.write.1.tlog
C:\Users\Kevin\Desktop\ECE30834FinalProj\OpenGLFramework\Debug\link.13540.read.1.tlog
C:\Users\Kevin\Desktop\ECE30834FinalProj\OpenGLFramework\Debug\link.13540.write.1.tlog
C:\Users\Kevin\Desktop\ECE30834FinalProj\OpenGLFramework\Debug\link.15112-cvtres.read.1.tlog
C:\Users\Kevin\Desktop\ECE30834FinalProj\OpenGLFramework\Debug\link.15112-cvtres.write.1.tlog
C:\Users\Kevin\Desktop\ECE30834FinalProj\OpenGLFramework\Debug\link.15112-rc.read.1.tlog
C:\Users\Kevin\Desktop\ECE30834FinalProj\OpenGLFramework\Debug\link.15112-rc.write.1.tlog
C:\Users\Kevin\Desktop\ECE30834FinalProj\OpenGLFramework\Debug\link.15112.read.1.tlog
C:\Users\Kevin\Desktop\ECE30834FinalProj\OpenGLFramework\Debug\link.15112.write.1.tlog
C:\Users\Kevin\Desktop\ECE30834FinalProj\OpenGLFramework\Debug\link.17092-cvtres.read.1.tlog
C:\Users\Kevin\Desktop\ECE30834FinalProj\OpenGLFramework\Debug\link.17092-cvtres.write.1.tlog
C:\Users\Kevin\Desktop\ECE30834FinalProj\OpenGLFramework\Debug\link.17092-rc.read.1.tlog
C:\Users\Kevin\Desktop\ECE30834FinalProj\OpenGLFramework\Debug\link.17092-rc.write.1.tlog
C:\Users\Kevin\Desktop\ECE30834FinalProj\OpenGLFramework\Debug\link.17092.read.1.tlog
C:\Users\Kevin\Desktop\ECE30834FinalProj\OpenGLFramework\Debug\link.17092.write.1.tlog
C:\Users\Kevin\Desktop\ECE30834FinalProj\OpenGLFramework\Debug\link.17880-cvtres.read.1.tlog
C:\Users\Kevin\Desktop\ECE30834FinalProj\OpenGLFramework\Debug\link.17880-cvtres.write.1.tlog
C:\Users\Kevin\Desktop\ECE30834FinalProj\OpenGLFramework\Debug\link.17880-rc.read.1.tlog
C:\Users\Kevin\Desktop\ECE30834FinalProj\OpenGLFramework\Debug\link.17880-rc.write.1.tlog
C:\Users\Kevin\Desktop\ECE30834FinalProj\OpenGLFramework\Debug\link.17880.read.1.tlog
C:\Users\Kevin\Desktop\ECE30834FinalProj\OpenGLFramework\Debug\link.17880.write.1.tlog
C:\Users\Kevin\Desktop\ECE30834FinalProj\OpenGLFramework\Debug\link.18064-cvtres.read.1.tlog
C:\Users\Kevin\Desktop\ECE30834FinalProj\OpenGLFramework\Debug\link.18064-cvtres.write.1.tlog
C:\Users\Kevin\Desktop\ECE30834FinalProj\OpenGLFramework\Debug\link.18064-rc.read.1.tlog
C:\Users\Kevin\Desktop\ECE30834FinalProj\OpenGLFramework\Debug\link.18064-rc.write.1.tlog
C:\Users\Kevin\Desktop\ECE30834FinalProj\OpenGLFramework\Debug\link.18064.read.1.tlog
C:\Users\Kevin\Desktop\ECE30834FinalProj\OpenGLFramework\Debug\link.18064.write.1.tlog
C:\Users\Kevin\Desktop\ECE30834FinalProj\OpenGLFramework\Debug\link.20104-cvtres.read.1.tlog
C:\Users\Kevin\Desktop\ECE30834FinalProj\OpenGLFramework\Debug\link.20104-cvtres.write.1.tlog
C:\Users\Kevin\Desktop\ECE30834FinalProj\OpenGLFramework\Debug\link.20104-rc.read.1.tlog
C:\Users\Kevin\Desktop\ECE30834FinalProj\OpenGLFramework\Debug\link.20104-rc.write.1.tlog
C:\Users\Kevin\Desktop\ECE30834FinalProj\OpenGLFramework\Debug\link.20104.read.1.tlog
C:\Users\Kevin\Desktop\ECE30834FinalProj\OpenGLFramework\Debug\link.20104.write.1.tlog
C:\Users\Kevin\Desktop\ECE30834FinalProj\OpenGLFramework\Debug\link.20332-cvtres.read.1.tlog
C:\Users\Kevin\Desktop\ECE30834FinalProj\OpenGLFramework\Debug\link.20332-cvtres.write.1.tlog
C:\Users\Kevin\Desktop\ECE30834FinalProj\OpenGLFramework\Debug\link.20332-rc.read.1.tlog
C:\Users\Kevin\Desktop\ECE30834FinalProj\OpenGLFramework\Debug\link.20332-rc.write.1.tlog
C:\Users\Kevin\Desktop\ECE30834FinalProj\OpenGLFramework\Debug\link.20332.read.1.tlog
C:\Users\Kevin\Desktop\ECE30834FinalProj\OpenGLFramework\Debug\link.20332.write.1.tlog
C:\Users\Kevin\Desktop\ECE30834FinalProj\OpenGLFramework\Debug\link.9260-cvtres.read.1.tlog
C:\Users\Kevin\Desktop\ECE30834FinalProj\OpenGLFramework\Debug\link.9260-cvtres.write.1.tlog
C:\Users\Kevin\Desktop\ECE30834FinalProj\OpenGLFramework\Debug\link.9260-rc.read.1.tlog
C:\Users\Kevin\Desktop\ECE30834FinalProj\OpenGLFramework\Debug\link.9260-rc.write.1.tlog
C:\Users\Kevin\Desktop\ECE30834FinalProj\OpenGLFramework\Debug\link.9260.read.1.tlog
C:\Users\Kevin\Desktop\ECE30834FinalProj\OpenGLFramework\Debug\link.9260.write.1.tlog
C:\Users\Kevin\Desktop\ECE30834FinalProj\OpenGLFramework\Debug\link.command.1.tlog
C:\Users\Kevin\Desktop\ECE30834FinalProj\OpenGLFramework\Debug\link.read.1.tlog
C:\Users\Kevin\Desktop\ECE30834FinalProj\OpenGLFramework\Debug\link.write.1.tlog
C:\Users\Kevin\Desktop\ECE30834FinalProj\OpenGLFramework\Debug\vc110.idb
C:\Users\Kevin\Desktop\ECE30834FinalProj\OpenGLFramework\Debug\vc110.pdb
C:\Users\Kevin\Desktop\ECE30834FinalProj\Debug\OpenGLFramework.pdb
C:\Users\Kevin\Desktop\ECE30834FinalProj\Debug\OpenGLFramework.exe
C:\Users\Kevin\Desktop\ECE30834FinalProj\Debug\OpenGLFramework.ilk
